

Processing ColgateController#questions (for 187.35.138.124 at 2010-05-25 12:34:15) [GET]
  Parameters: {"action"=>"questions", "id"=>1, "controller"=>"colgate"}
Rendering template within layouts/colgate
Rendering colgate/question_1
Completed in 223ms (View: 28, DB: 39) | 200 OK [http://healthymouth.generalquestions.info/]


Processing ColgateController#questions (for 187.35.138.124 at 2010-05-25 12:34:25) [POST]
  Parameters: {"colgate"=>{"age_group_id"=>"2"}, "x"=>"92", "y"=>"8", "action"=>"questions", "id"=>"2", "controller"=>"colgate"}
Rendering template within layouts/colgate
Rendering colgate/question_2
Completed in 21ms (View: 10, DB: 425) | 200 OK [http://healthymouth.generalquestions.info/colgate/questions/2]


Processing ColgateController#questions (for 187.35.138.124 at 2010-05-25 12:34:28) [POST]
  Parameters: {"x"=>"86", "y"=>"19", "action"=>"questions", "id"=>"3", "controller"=>"colgate"}
Rendering template within layouts/colgate
Rendering colgate/question_2
Completed in 63ms (View: 16, DB: 165) | 200 OK [http://healthymouth.generalquestions.info/colgate/questions/3]


Processing ColgateController#questions (for 187.35.138.124 at 2010-05-25 12:34:32) [POST]
  Parameters: {"colgate"=>{"gender"=>"F"}, "x"=>"77", "y"=>"13", "action"=>"questions", "id"=>"3", "controller"=>"colgate"}
Rendering template within layouts/colgate
Rendering colgate/question_3
Completed in 37ms (View: 16, DB: 364) | 200 OK [http://healthymouth.generalquestions.info/colgate/questions/3]


Processing ColgateController#questions (for 187.35.138.124 at 2010-05-25 12:34:38) [POST]
  Parameters: {"colgate"=>{"state_id"=>"26"}, "x"=>"51", "y"=>"22", "action"=>"questions", "id"=>"4", "controller"=>"colgate"}
Rendering template within layouts/colgate
Rendering colgate/question_4
Completed in 40ms (View: 16, DB: 567) | 200 OK [http://healthymouth.generalquestions.info/colgate/questions/4]


Processing ColgateController#questions (for 187.35.138.124 at 2010-05-25 12:34:42) [POST]
  Parameters: {"colgate"=>{"income_group_id"=>"4"}, "x"=>"25", "y"=>"8", "action"=>"questions", "id"=>"5", "controller"=>"colgate"}
Rendering template within layouts/colgate
Rendering colgate/question_5
Completed in 62ms (View: 10, DB: 398) | 200 OK [http://healthymouth.generalquestions.info/colgate/questions/5]


Processing ColgateController#questions (for 187.35.138.124 at 2010-05-25 12:35:23) [POST]
  Parameters: {"colgate"=>{"colgate_word_ids"=>["6", "3", "4"]}, "x"=>"82", "y"=>"14", "action"=>"questions", "id"=>"6", "controller"=>"colgate"}
Rendering template within layouts/colgate
Rendering colgate/question_6
Completed in 74ms (View: 8, DB: 1049) | 200 OK [http://healthymouth.generalquestions.info/colgate/questions/6]


Processing ColgateController#questions (for 187.35.138.124 at 2010-05-25 12:35:30) [POST]
  Parameters: {"x"=>"99", "y"=>"16", "action"=>"questions", "id"=>"7", "controller"=>"colgate"}
Rendering template within layouts/colgate
Rendering colgate/question_6
Completed in 81ms (View: 9, DB: 1763) | 200 OK [http://healthymouth.generalquestions.info/colgate/questions/7]


Processing ColgateController#questions (for 187.35.138.124 at 2010-05-25 12:35:35) [POST]
  Parameters: {"x"=>"84", "y"=>"10", "action"=>"questions", "id"=>"7", "controller"=>"colgate"}
Rendering template within layouts/colgate
Rendering colgate/question_6
Completed in 110ms (View: 101, DB: 313) | 200 OK [http://healthymouth.generalquestions.info/colgate/questions/7]


Processing ColgateController#questions (for 187.35.138.124 at 2010-05-25 12:36:42) [POST]
  Parameters: {"x"=>"84", "y"=>"10", "action"=>"questions", "id"=>"7", "controller"=>"colgate"}
Rendering template within layouts/colgate
Rendering colgate/question_6
Completed in 55ms (View: 11, DB: 608) | 200 OK [http://healthymouth.generalquestions.info/colgate/questions/7]


Processing ColgateController#questions (for 187.35.138.124 at 2010-05-25 12:43:55) [POST]
  Parameters: {"x"=>"84", "y"=>"10", "action"=>"questions", "id"=>"7", "controller"=>"colgate"}
Rendering template within layouts/colgate
Rendering colgate/question_6
Completed in 19ms (View: 10, DB: 813) | 200 OK [http://healthymouth.generalquestions.info/colgate/questions/7]


Processing ApplicationController#index (for 187.35.138.124 at 2010-05-25 12:44:02) [GET]

ActionController::RoutingError (No route matches "/c" with {:method=>:get}):
  /dh/passenger/lib/phusion_passenger/rack/request_handler.rb:92:in `process_request'
  /dh/passenger/lib/phusion_passenger/abstract_request_handler.rb:207:in `main_loop'
  /dh/passenger/lib/phusion_passenger/railz/application_spawner.rb:400:in `start_request_handler'
  /dh/passenger/lib/phusion_passenger/railz/application_spawner.rb:351:in `handle_spawn_application'
  /dh/passenger/lib/phusion_passenger/utils.rb:184:in `safe_fork'
  /dh/passenger/lib/phusion_passenger/railz/application_spawner.rb:349:in `handle_spawn_application'
  /dh/passenger/lib/phusion_passenger/abstract_server.rb:352:in `__send__'
  /dh/passenger/lib/phusion_passenger/abstract_server.rb:352:in `main_loop'
  /dh/passenger/lib/phusion_passenger/abstract_server.rb:196:in `start_synchronously'
  /dh/passenger/lib/phusion_passenger/abstract_server.rb:163:in `start'
  /dh/passenger/lib/phusion_passenger/railz/application_spawner.rb:209:in `start'
  /dh/passenger/lib/phusion_passenger/spawn_manager.rb:262:in `spawn_rails_application'
  /dh/passenger/lib/phusion_passenger/abstract_server_collection.rb:126:in `lookup_or_add'
  /dh/passenger/lib/phusion_passenger/spawn_manager.rb:256:in `spawn_rails_application'
  /dh/passenger/lib/phusion_passenger/abstract_server_collection.rb:80:in `synchronize'
  /dh/passenger/lib/phusion_passenger/abstract_server_collection.rb:79:in `synchronize'
  /dh/passenger/lib/phusion_passenger/spawn_manager.rb:255:in `spawn_rails_application'
  /dh/passenger/lib/phusion_passenger/spawn_manager.rb:154:in `spawn_application'
  /dh/passenger/lib/phusion_passenger/spawn_manager.rb:287:in `handle_spawn_application'
  /dh/passenger/lib/phusion_passenger/abstract_server.rb:352:in `__send__'
  /dh/passenger/lib/phusion_passenger/abstract_server.rb:352:in `main_loop'
  /dh/passenger/lib/phusion_passenger/abstract_server.rb:196:in `start_synchronously'

Rendering /home/ford_survey/healthymouth.generalquestions.info/public/404.html (404 Not Found)


Processing ColgateController#questions (for 187.35.138.124 at 2010-05-25 12:44:04) [GET]
  Parameters: {"action"=>"questions", "id"=>1, "controller"=>"colgate"}
Rendering template within layouts/colgate
Rendering colgate/question_1
Completed in 20ms (View: 14, DB: 4) | 200 OK [http://healthymouth.generalquestions.info/]


Processing ColgateController#questions (for 187.35.138.124 at 2010-05-25 12:44:07) [GET]
  Parameters: {"action"=>"questions", "id"=>1, "controller"=>"colgate"}
Rendering template within layouts/colgate
Rendering colgate/question_1
Completed in 16ms (View: 12, DB: 784) | 200 OK [http://healthymouth.generalquestions.info/]


Processing ColgateController#questions (for 187.35.138.124 at 2010-05-25 12:44:15) [POST]
  Parameters: {"colgate"=>{"age_group_id"=>"1"}, "x"=>"72", "y"=>"21", "action"=>"questions", "id"=>"2", "controller"=>"colgate"}
Rendering template within layouts/colgate
Rendering colgate/question_2
Completed in 253ms (View: 8, DB: 1318) | 200 OK [http://healthymouth.generalquestions.info/colgate/questions/2]


Processing ColgateController#questions (for 187.35.138.124 at 2010-05-25 12:44:17) [POST]
  Parameters: {"colgate"=>{"gender"=>"M"}, "x"=>"78", "y"=>"5", "action"=>"questions", "id"=>"3", "controller"=>"colgate"}
Rendering template within layouts/colgate
Rendering colgate/question_3
Completed in 18ms (View: 11, DB: 632) | 200 OK [http://healthymouth.generalquestions.info/colgate/questions/3]


Processing ColgateController#questions (for 187.35.138.124 at 2010-05-25 12:44:20) [POST]
  Parameters: {"colgate"=>{"state_id"=>"23"}, "x"=>"72", "y"=>"10", "action"=>"questions", "id"=>"4", "controller"=>"colgate"}
Rendering template within layouts/colgate
Rendering colgate/question_4
Completed in 26ms (View: 12, DB: 156) | 200 OK [http://healthymouth.generalquestions.info/colgate/questions/4]


Processing ColgateController#questions (for 187.35.138.124 at 2010-05-25 12:44:24) [POST]
  Parameters: {"colgate"=>{"income_group_id"=>"3"}, "x"=>"89", "y"=>"10", "action"=>"questions", "id"=>"5", "controller"=>"colgate"}
Rendering template within layouts/colgate
Rendering colgate/question_5
Completed in 14ms (View: 7, DB: 1307) | 200 OK [http://healthymouth.generalquestions.info/colgate/questions/5]


Processing ColgateController#questions (for 187.35.138.124 at 2010-05-25 12:44:33) [POST]
  Parameters: {"colgate"=>{"colgate_word_ids"=>["1", "6", "5"]}, "x"=>"70", "y"=>"4", "action"=>"questions", "id"=>"6", "controller"=>"colgate"}
Rendering template within layouts/colgate
Rendering colgate/question_6
Completed in 30ms (View: 7, DB: 1112) | 200 OK [http://healthymouth.generalquestions.info/colgate/questions/6]


Processing ColgateController#questions (for 187.35.138.124 at 2010-05-25 12:44:39) [POST]
  Parameters: {"colgate"=>{"colgate_word_ids"=>["1", "6", "5"]}, "x"=>"70", "y"=>"4", "action"=>"questions", "id"=>"6", "controller"=>"colgate"}
Rendering template within layouts/colgate
Rendering colgate/question_6
Completed in 124ms (View: 7, DB: 200) | 200 OK [http://healthymouth.generalquestions.info/colgate/questions/6]


Processing ColgateController#questions (for 187.35.138.124 at 2010-05-25 12:46:22) [POST]
  Parameters: {"colgate"=>{"colgate_word_ids"=>["1", "6", "5"]}, "x"=>"70", "y"=>"4", "action"=>"questions", "id"=>"6", "controller"=>"colgate"}
Rendering template within layouts/colgate
Rendering colgate/question_6
Completed in 30ms (View: 8, DB: 197) | 200 OK [http://healthymouth.generalquestions.info/colgate/questions/6]


Processing ColgateController#questions (for 187.35.138.124 at 2010-05-25 12:51:47) [POST]
  Parameters: {"colgate"=>{"colgate_word_ids"=>["1", "6", "5"]}, "x"=>"70", "y"=>"4", "action"=>"questions", "id"=>"6", "controller"=>"colgate"}
Rendering template within layouts/colgate
Rendering colgate/question_6
Completed in 578ms (View: 8, DB: 839) | 200 OK [http://healthymouth.generalquestions.info/colgate/questions/6]


Processing ColgateController#questions (for 187.35.138.124 at 2010-05-25 12:53:31) [POST]
  Parameters: {"colgate"=>{"colgate_word_ids"=>["1", "6", "5"]}, "x"=>"66", "y"=>"11", "action"=>"questions", "id"=>"6", "controller"=>"colgate"}
Rendering template within layouts/colgate
Rendering colgate/question_6
Completed in 20ms (View: 7, DB: 551) | 200 OK [http://healthymouth.generalquestions.info/colgate/questions/6]


Processing ColgateController#questions (for 187.35.138.124 at 2010-05-25 13:01:23) [POST]
  Parameters: {"colgate"=>{"colgate_word_ids"=>["1", "6", "5"]}, "x"=>"66", "y"=>"11", "action"=>"questions", "id"=>"6", "controller"=>"colgate"}

ActiveRecord::RecordNotFound (Couldn't find all ColgateWords with IDs (1,6,5) (found 0 results, but was looking for 3)):
  app/controllers/survey_controller.rb:136:in `questions'
  app/controllers/survey_controller.rb:128:in `each'
  app/controllers/survey_controller.rb:128:in `questions'
  /dh/passenger/lib/phusion_passenger/rack/request_handler.rb:92:in `process_request'
  /dh/passenger/lib/phusion_passenger/abstract_request_handler.rb:207:in `main_loop'
  /dh/passenger/lib/phusion_passenger/railz/application_spawner.rb:400:in `start_request_handler'
  /dh/passenger/lib/phusion_passenger/railz/application_spawner.rb:351:in `handle_spawn_application'
  /dh/passenger/lib/phusion_passenger/utils.rb:184:in `safe_fork'
  /dh/passenger/lib/phusion_passenger/railz/application_spawner.rb:349:in `handle_spawn_application'
  /dh/passenger/lib/phusion_passenger/abstract_server.rb:352:in `__send__'
  /dh/passenger/lib/phusion_passenger/abstract_server.rb:352:in `main_loop'
  /dh/passenger/lib/phusion_passenger/abstract_server.rb:196:in `start_synchronously'
  /dh/passenger/lib/phusion_passenger/abstract_server.rb:163:in `start'
  /dh/passenger/lib/phusion_passenger/railz/application_spawner.rb:209:in `start'
  /dh/passenger/lib/phusion_passenger/spawn_manager.rb:262:in `spawn_rails_application'
  /dh/passenger/lib/phusion_passenger/abstract_server_collection.rb:126:in `lookup_or_add'
  /dh/passenger/lib/phusion_passenger/spawn_manager.rb:256:in `spawn_rails_application'
  /dh/passenger/lib/phusion_passenger/abstract_server_collection.rb:80:in `synchronize'
  /dh/passenger/lib/phusion_passenger/abstract_server_collection.rb:79:in `synchronize'
  /dh/passenger/lib/phusion_passenger/spawn_manager.rb:255:in `spawn_rails_application'
  /dh/passenger/lib/phusion_passenger/spawn_manager.rb:154:in `spawn_application'
  /dh/passenger/lib/phusion_passenger/spawn_manager.rb:287:in `handle_spawn_application'
  /dh/passenger/lib/phusion_passenger/abstract_server.rb:352:in `__send__'
  /dh/passenger/lib/phusion_passenger/abstract_server.rb:352:in `main_loop'
  /dh/passenger/lib/phusion_passenger/abstract_server.rb:196:in `start_synchronously'

Rendering /home/ford_survey/healthymouth.generalquestions.info/public/404.html (404 Not Found)


Processing ColgateController#questions (for 187.35.138.124 at 2010-05-25 13:01:32) [POST]
  Parameters: {"colgate"=>{"colgate_word_ids"=>["1", "6", "5"]}, "x"=>"66", "y"=>"11", "action"=>"questions", "id"=>"6", "controller"=>"colgate"}

ActiveRecord::RecordNotFound (Couldn't find all ColgateWords with IDs (1,6,5) (found 0 results, but was looking for 3)):
  app/controllers/survey_controller.rb:136:in `questions'
  app/controllers/survey_controller.rb:128:in `each'
  app/controllers/survey_controller.rb:128:in `questions'
  /dh/passenger/lib/phusion_passenger/rack/request_handler.rb:92:in `process_request'
  /dh/passenger/lib/phusion_passenger/abstract_request_handler.rb:207:in `main_loop'
  /dh/passenger/lib/phusion_passenger/railz/application_spawner.rb:400:in `start_request_handler'
  /dh/passenger/lib/phusion_passenger/railz/application_spawner.rb:351:in `handle_spawn_application'
  /dh/passenger/lib/phusion_passenger/utils.rb:184:in `safe_fork'
  /dh/passenger/lib/phusion_passenger/railz/application_spawner.rb:349:in `handle_spawn_application'
  /dh/passenger/lib/phusion_passenger/abstract_server.rb:352:in `__send__'
  /dh/passenger/lib/phusion_passenger/abstract_server.rb:352:in `main_loop'
  /dh/passenger/lib/phusion_passenger/abstract_server.rb:196:in `start_synchronously'
  /dh/passenger/lib/phusion_passenger/abstract_server.rb:163:in `start'
  /dh/passenger/lib/phusion_passenger/railz/application_spawner.rb:209:in `start'
  /dh/passenger/lib/phusion_passenger/spawn_manager.rb:262:in `spawn_rails_application'
  /dh/passenger/lib/phusion_passenger/abstract_server_collection.rb:126:in `lookup_or_add'
  /dh/passenger/lib/phusion_passenger/spawn_manager.rb:256:in `spawn_rails_application'
  /dh/passenger/lib/phusion_passenger/abstract_server_collection.rb:80:in `synchronize'
  /dh/passenger/lib/phusion_passenger/abstract_server_collection.rb:79:in `synchronize'
  /dh/passenger/lib/phusion_passenger/spawn_manager.rb:255:in `spawn_rails_application'
  /dh/passenger/lib/phusion_passenger/spawn_manager.rb:154:in `spawn_application'
  /dh/passenger/lib/phusion_passenger/spawn_manager.rb:287:in `handle_spawn_application'
  /dh/passenger/lib/phusion_passenger/abstract_server.rb:352:in `__send__'
  /dh/passenger/lib/phusion_passenger/abstract_server.rb:352:in `main_loop'
  /dh/passenger/lib/phusion_passenger/abstract_server.rb:196:in `start_synchronously'

Rendering /home/ford_survey/healthymouth.generalquestions.info/public/404.html (404 Not Found)


Processing ColgateController#questions (for 187.35.138.124 at 2010-05-25 13:01:38) [GET]
  Parameters: {"action"=>"questions", "id"=>1, "controller"=>"colgate"}
Rendering template within layouts/colgate
Rendering colgate/question_1
Completed in 41ms (View: 12, DB: 240) | 200 OK [http://healthymouth.generalquestions.info/]


Processing ColgateController#questions (for 187.35.138.124 at 2010-05-25 13:01:42) [POST]
  Parameters: {"colgate"=>{"age_group_id"=>"7"}, "x"=>"109", "y"=>"6", "action"=>"questions", "id"=>"2", "controller"=>"colgate"}
Rendering template within layouts/colgate
Rendering colgate/question_2
Completed in 15ms (View: 9, DB: 267) | 200 OK [http://healthymouth.generalquestions.info/colgate/questions/2]


Processing ColgateController#questions (for 187.35.138.124 at 2010-05-25 13:01:46) [POST]
  Parameters: {"colgate"=>{"gender"=>"M"}, "x"=>"65", "y"=>"8", "action"=>"questions", "id"=>"3", "controller"=>"colgate"}
Rendering template within layouts/colgate
Rendering colgate/question_3
Completed in 18ms (View: 11, DB: 727) | 200 OK [http://healthymouth.generalquestions.info/colgate/questions/3]


Processing ColgateController#questions (for 187.35.138.124 at 2010-05-25 13:01:55) [POST]
  Parameters: {"colgate"=>{"state_id"=>"76"}, "x"=>"99", "y"=>"6", "action"=>"questions", "id"=>"4", "controller"=>"colgate"}
Rendering template within layouts/colgate
Rendering colgate/question_4
Completed in 21ms (View: 12, DB: 415) | 200 OK [http://healthymouth.generalquestions.info/colgate/questions/4]


Processing ColgateController#questions (for 187.35.138.124 at 2010-05-25 13:02:00) [POST]
  Parameters: {"colgate"=>{"income_group_id"=>"8"}, "x"=>"84", "y"=>"17", "action"=>"questions", "id"=>"5", "controller"=>"colgate"}
Rendering template within layouts/colgate
Rendering colgate/question_5
Completed in 15ms (View: 7, DB: 112) | 200 OK [http://healthymouth.generalquestions.info/colgate/questions/5]


Processing ColgateController#questions (for 187.35.138.124 at 2010-05-25 13:02:16) [POST]
  Parameters: {"colgate"=>{"colgate_word_ids"=>["10", "7", "12"]}, "x"=>"87", "y"=>"12", "action"=>"questions", "id"=>"6", "controller"=>"colgate"}
Rendering template within layouts/colgate
Rendering colgate/question_6
Completed in 21ms (View: 10, DB: 4575) | 200 OK [http://healthymouth.generalquestions.info/colgate/questions/6]


Processing ColgateController#questions (for 187.35.138.124 at 2010-05-25 15:32:34) [POST]
  Parameters: {"colgate"=>{"colgate_word_ids"=>["10", "7", "12"]}, "x"=>"87", "y"=>"12", "action"=>"questions", "id"=>"6", "controller"=>"colgate"}
Redirected to http://healthymouth.generalquestions.info/
Completed in 50ms (DB: 38) | 302 Found [http://healthymouth.generalquestions.info/colgate/questions/6]


Processing ColgateController#questions (for 187.35.138.124 at 2010-05-25 15:32:34) [GET]
  Parameters: {"action"=>"questions", "id"=>1, "controller"=>"colgate"}
Rendering template within layouts/colgate
Rendering colgate/question_1
Completed in 29ms (View: 20, DB: 72) | 200 OK [http://healthymouth.generalquestions.info/]


Processing ColgateController#questions (for 187.35.138.124 at 2010-05-25 15:51:04) [GET]
  Parameters: {"action"=>"questions", "id"=>1, "controller"=>"colgate"}
Rendering template within layouts/colgate
Rendering colgate/question_1
Completed in 17ms (View: 13, DB: 13) | 200 OK [http://healthymouth.generalquestions.info/]


Processing ColgateController#questions (for 187.35.138.124 at 2010-05-25 15:51:12) [POST]
  Parameters: {"colgate"=>{"age_group_id"=>"7"}, "x"=>"73", "y"=>"19", "action"=>"questions", "id"=>"2", "controller"=>"colgate"}
Rendering template within layouts/colgate
Rendering colgate/question_2
Completed in 25ms (View: 10, DB: 70) | 200 OK [http://healthymouth.generalquestions.info/colgate/questions/2]


Processing ColgateController#questions (for 187.35.138.124 at 2010-05-25 15:51:16) [POST]
  Parameters: {"colgate"=>{"gender"=>"M"}, "x"=>"101", "y"=>"22", "action"=>"questions", "id"=>"3", "controller"=>"colgate"}
Rendering template within layouts/colgate
Rendering colgate/question_3
Completed in 89ms (View: 16, DB: 1782) | 200 OK [http://healthymouth.generalquestions.info/colgate/questions/3]


Processing ColgateController#questions (for 187.35.138.124 at 2010-05-25 15:51:19) [POST]
  Parameters: {"colgate"=>{"state_id"=>"76"}, "x"=>"142", "y"=>"15", "action"=>"questions", "id"=>"4", "controller"=>"colgate"}
Rendering template within layouts/colgate
Rendering colgate/question_4
Completed in 25ms (View: 15, DB: 141) | 200 OK [http://healthymouth.generalquestions.info/colgate/questions/4]


Processing ColgateController#questions (for 187.35.138.124 at 2010-05-25 15:51:24) [POST]
  Parameters: {"colgate"=>{"income_group_id"=>"8"}, "x"=>"93", "y"=>"19", "action"=>"questions", "id"=>"5", "controller"=>"colgate"}
Rendering template within layouts/colgate
Rendering colgate/question_5
Completed in 241ms (View: 10, DB: 3427) | 200 OK [http://healthymouth.generalquestions.info/colgate/questions/5]


Processing ColgateController#questions (for 187.35.138.124 at 2010-05-25 15:51:32) [POST]
  Parameters: {"colgate"=>{"colgate_word_ids"=>["11", "9", "10"]}, "x"=>"86", "y"=>"16", "action"=>"questions", "id"=>"6", "controller"=>"colgate"}
Rendering template within layouts/colgate
Rendering colgate/question_6
Completed in 208ms (View: 11, DB: 2582) | 200 OK [http://healthymouth.generalquestions.info/colgate/questions/6]


Processing ColgateController#questions (for 187.35.138.124 at 2010-05-25 15:51:48) [POST]
  Parameters: {"colgate"=>{"colgate_word_ids"=>["11", "9", "10"]}, "x"=>"86", "y"=>"16", "action"=>"questions", "id"=>"6", "controller"=>"colgate"}

ActiveRecord::RecordNotFound (Couldn't find all ColgateWords with IDs (11,9,10) (found 0 results, but was looking for 3)):
  app/controllers/survey_controller.rb:136:in `questions'
  app/controllers/survey_controller.rb:128:in `each'
  app/controllers/survey_controller.rb:128:in `questions'
  /dh/passenger/lib/phusion_passenger/rack/request_handler.rb:92:in `process_request'
  /dh/passenger/lib/phusion_passenger/abstract_request_handler.rb:207:in `main_loop'
  /dh/passenger/lib/phusion_passenger/railz/application_spawner.rb:400:in `start_request_handler'
  /dh/passenger/lib/phusion_passenger/railz/application_spawner.rb:351:in `handle_spawn_application'
  /dh/passenger/lib/phusion_passenger/utils.rb:184:in `safe_fork'
  /dh/passenger/lib/phusion_passenger/railz/application_spawner.rb:349:in `handle_spawn_application'
  /dh/passenger/lib/phusion_passenger/abstract_server.rb:352:in `__send__'
  /dh/passenger/lib/phusion_passenger/abstract_server.rb:352:in `main_loop'
  /dh/passenger/lib/phusion_passenger/abstract_server.rb:196:in `start_synchronously'
  /dh/passenger/lib/phusion_passenger/abstract_server.rb:163:in `start'
  /dh/passenger/lib/phusion_passenger/railz/application_spawner.rb:209:in `start'
  /dh/passenger/lib/phusion_passenger/spawn_manager.rb:262:in `spawn_rails_application'
  /dh/passenger/lib/phusion_passenger/abstract_server_collection.rb:126:in `lookup_or_add'
  /dh/passenger/lib/phusion_passenger/spawn_manager.rb:256:in `spawn_rails_application'
  /dh/passenger/lib/phusion_passenger/abstract_server_collection.rb:80:in `synchronize'
  /dh/passenger/lib/phusion_passenger/abstract_server_collection.rb:79:in `synchronize'
  /dh/passenger/lib/phusion_passenger/spawn_manager.rb:255:in `spawn_rails_application'
  /dh/passenger/lib/phusion_passenger/spawn_manager.rb:154:in `spawn_application'
  /dh/passenger/lib/phusion_passenger/spawn_manager.rb:287:in `handle_spawn_application'
  /dh/passenger/lib/phusion_passenger/abstract_server.rb:352:in `__send__'
  /dh/passenger/lib/phusion_passenger/abstract_server.rb:352:in `main_loop'
  /dh/passenger/lib/phusion_passenger/abstract_server.rb:196:in `start_synchronously'

Rendering /home/ford_survey/healthymouth.generalquestions.info/public/404.html (404 Not Found)


Processing ColgateController#questions (for 187.35.138.124 at 2010-05-25 15:51:55) [GET]
  Parameters: {"action"=>"questions", "id"=>1, "controller"=>"colgate"}
Rendering template within layouts/colgate
Rendering colgate/question_1
Completed in 15ms (View: 10, DB: 962) | 200 OK [http://healthymouth.generalquestions.info/]


Processing ColgateController#questions (for 187.35.138.124 at 2010-05-25 15:51:59) [POST]
  Parameters: {"colgate"=>{"age_group_id"=>"10"}, "x"=>"65", "y"=>"6", "action"=>"questions", "id"=>"2", "controller"=>"colgate"}
Rendering template within layouts/colgate
Rendering colgate/question_2
Completed in 58ms (View: 9, DB: 1619) | 200 OK [http://healthymouth.generalquestions.info/colgate/questions/2]


Processing ColgateController#questions (for 187.35.138.124 at 2010-05-25 15:52:01) [POST]
  Parameters: {"colgate"=>{"gender"=>"M"}, "x"=>"77", "y"=>"17", "action"=>"questions", "id"=>"3", "controller"=>"colgate"}
Rendering template within layouts/colgate
Rendering colgate/question_3
Completed in 20ms (View: 12, DB: 171) | 200 OK [http://healthymouth.generalquestions.info/colgate/questions/3]


Processing ColgateController#questions (for 187.35.138.124 at 2010-05-25 15:52:04) [POST]
  Parameters: {"colgate"=>{"state_id"=>"116"}, "x"=>"79", "y"=>"8", "action"=>"questions", "id"=>"4", "controller"=>"colgate"}
Rendering template within layouts/colgate
Rendering colgate/question_4
Completed in 22ms (View: 15, DB: 106) | 200 OK [http://healthymouth.generalquestions.info/colgate/questions/4]


Processing ColgateController#questions (for 187.35.138.124 at 2010-05-25 15:52:10) [POST]
  Parameters: {"colgate"=>{"state_id"=>"127"}, "x"=>"121", "y"=>"19", "action"=>"questions", "id"=>"4", "controller"=>"colgate"}
Rendering template within layouts/colgate
Rendering colgate/question_4
Completed in 85ms (View: 13, DB: 2529) | 200 OK [http://healthymouth.generalquestions.info/colgate/questions/4]


Processing ColgateController#questions (for 187.35.138.124 at 2010-05-25 15:52:12) [POST]
  Parameters: {"colgate"=>{"income_group_id"=>"13"}, "x"=>"57", "y"=>"13", "action"=>"questions", "id"=>"5", "controller"=>"colgate"}
Rendering template within layouts/colgate
Rendering colgate/question_5
Completed in 76ms (View: 8, DB: 341) | 200 OK [http://healthymouth.generalquestions.info/colgate/questions/5]


Processing ColgateController#questions (for 187.35.138.124 at 2010-05-25 15:52:17) [POST]
  Parameters: {"colgate"=>{"colgate_word_ids"=>["17", "13", "15"]}, "x"=>"88", "y"=>"13", "action"=>"questions", "id"=>"6", "controller"=>"colgate"}
Rendering template within layouts/colgate
Rendering colgate/question_6
Completed in 22ms (View: 8, DB: 628) | 200 OK [http://healthymouth.generalquestions.info/colgate/questions/6]


Processing ColgateController#questions (for 187.35.138.124 at 2010-05-25 15:52:20) [POST]
  Parameters: {"colgate"=>{"colgate_word_ids"=>["17", "13", "15"]}, "x"=>"88", "y"=>"13", "action"=>"questions", "id"=>"6", "controller"=>"colgate"}
Rendering template within layouts/colgate
Rendering colgate/question_6
Completed in 19ms (View: 9, DB: 31) | 200 OK [http://healthymouth.generalquestions.info/colgate/questions/6]


Processing ColgateController#questions (for 187.35.138.124 at 2010-05-25 15:53:12) [POST]
  Parameters: {"colgate"=>{"colgate_word_ids"=>["17", "13", "15"]}, "x"=>"88", "y"=>"13", "action"=>"questions", "id"=>"6", "controller"=>"colgate"}

ActiveRecord::RecordNotFound (Couldn't find all ColgateWords with IDs (17,13,15) (found 0 results, but was looking for 3)):
  app/controllers/survey_controller.rb:136:in `questions'
  app/controllers/survey_controller.rb:128:in `each'
  app/controllers/survey_controller.rb:128:in `questions'
  /dh/passenger/lib/phusion_passenger/rack/request_handler.rb:92:in `process_request'
  /dh/passenger/lib/phusion_passenger/abstract_request_handler.rb:207:in `main_loop'
  /dh/passenger/lib/phusion_passenger/railz/application_spawner.rb:400:in `start_request_handler'
  /dh/passenger/lib/phusion_passenger/railz/application_spawner.rb:351:in `handle_spawn_application'
  /dh/passenger/lib/phusion_passenger/utils.rb:184:in `safe_fork'
  /dh/passenger/lib/phusion_passenger/railz/application_spawner.rb:349:in `handle_spawn_application'
  /dh/passenger/lib/phusion_passenger/abstract_server.rb:352:in `__send__'
  /dh/passenger/lib/phusion_passenger/abstract_server.rb:352:in `main_loop'
  /dh/passenger/lib/phusion_passenger/abstract_server.rb:196:in `start_synchronously'
  /dh/passenger/lib/phusion_passenger/abstract_server.rb:163:in `start'
  /dh/passenger/lib/phusion_passenger/railz/application_spawner.rb:209:in `start'
  /dh/passenger/lib/phusion_passenger/spawn_manager.rb:262:in `spawn_rails_application'
  /dh/passenger/lib/phusion_passenger/abstract_server_collection.rb:126:in `lookup_or_add'
  /dh/passenger/lib/phusion_passenger/spawn_manager.rb:256:in `spawn_rails_application'
  /dh/passenger/lib/phusion_passenger/abstract_server_collection.rb:80:in `synchronize'
  /dh/passenger/lib/phusion_passenger/abstract_server_collection.rb:79:in `synchronize'
  /dh/passenger/lib/phusion_passenger/spawn_manager.rb:255:in `spawn_rails_application'
  /dh/passenger/lib/phusion_passenger/spawn_manager.rb:154:in `spawn_application'
  /dh/passenger/lib/phusion_passenger/spawn_manager.rb:287:in `handle_spawn_application'
  /dh/passenger/lib/phusion_passenger/abstract_server.rb:352:in `__send__'
  /dh/passenger/lib/phusion_passenger/abstract_server.rb:352:in `main_loop'
  /dh/passenger/lib/phusion_passenger/abstract_server.rb:196:in `start_synchronously'

Rendering /home/ford_survey/healthymouth.generalquestions.info/public/404.html (404 Not Found)


Processing ColgateController#questions (for 187.35.138.124 at 2010-05-25 15:53:17) [GET]
  Parameters: {"action"=>"questions", "id"=>1, "controller"=>"colgate"}
Rendering template within layouts/colgate
Rendering colgate/question_1
Completed in 16ms (View: 11, DB: 152) | 200 OK [http://healthymouth.generalquestions.info/]


Processing ColgateController#questions (for 187.35.138.124 at 2010-05-25 15:53:18) [GET]
  Parameters: {"action"=>"questions", "id"=>1, "controller"=>"colgate"}
Rendering template within layouts/colgate
Rendering colgate/question_1
Completed in 15ms (View: 11, DB: 492) | 200 OK [http://healthymouth.generalquestions.info/]


Processing ColgateController#questions (for 187.35.138.124 at 2010-05-25 15:53:22) [POST]
  Parameters: {"colgate"=>{"age_group_id"=>"14"}, "x"=>"131", "y"=>"13", "action"=>"questions", "id"=>"2", "controller"=>"colgate"}
Rendering template within layouts/colgate
Rendering colgate/question_2
Completed in 16ms (View: 8, DB: 182) | 200 OK [http://healthymouth.generalquestions.info/colgate/questions/2]


Processing ColgateController#questions (for 187.35.138.124 at 2010-05-25 15:53:24) [POST]
  Parameters: {"colgate"=>{"age_group_id"=>"15"}, "x"=>"111", "y"=>"11", "action"=>"questions", "id"=>"2", "controller"=>"colgate"}
Rendering template within layouts/colgate
Rendering colgate/question_2
Completed in 67ms (View: 22, DB: 24) | 200 OK [http://healthymouth.generalquestions.info/colgate/questions/2]


Processing ColgateController#questions (for 187.35.138.124 at 2010-05-25 15:53:26) [POST]
  Parameters: {"colgate"=>{"gender"=>"F"}, "x"=>"103", "y"=>"7", "action"=>"questions", "id"=>"3", "controller"=>"colgate"}
Rendering template within layouts/colgate
Rendering colgate/question_3
Completed in 26ms (View: 17, DB: 115) | 200 OK [http://healthymouth.generalquestions.info/colgate/questions/3]


Processing ColgateController#questions (for 187.35.138.124 at 2010-05-25 15:53:29) [POST]
  Parameters: {"colgate"=>{"state_id"=>"198"}, "x"=>"127", "y"=>"4", "action"=>"questions", "id"=>"4", "controller"=>"colgate"}
Rendering template within layouts/colgate
Rendering colgate/question_4
Completed in 28ms (View: 15, DB: 119) | 200 OK [http://healthymouth.generalquestions.info/colgate/questions/4]


Processing ColgateController#questions (for 187.35.138.124 at 2010-05-25 15:53:30) [POST]
  Parameters: {"colgate"=>{"income_group_id"=>"18"}, "x"=>"62", "y"=>"20", "action"=>"questions", "id"=>"5", "controller"=>"colgate"}
Rendering template within layouts/colgate
Rendering colgate/question_5
Completed in 21ms (View: 11, DB: 12) | 200 OK [http://healthymouth.generalquestions.info/colgate/questions/5]


Processing ColgateController#questions (for 187.35.138.124 at 2010-05-25 15:53:35) [POST]
  Parameters: {"colgate"=>{"colgate_word_ids"=>["21", "20", "19"]}, "x"=>"97", "y"=>"9", "action"=>"questions", "id"=>"6", "controller"=>"colgate"}
Rendering template within layouts/colgate
Rendering colgate/question_6
Completed in 24ms (View: 11, DB: 286) | 200 OK [http://healthymouth.generalquestions.info/colgate/questions/6]


Processing ColgateController#questions (for 187.35.138.124 at 2010-05-25 15:54:46) [POST]
  Parameters: {"colgate"=>{"floss_id"=>"9"}, "x"=>"67", "y"=>"9", "action"=>"questions", "id"=>"7", "controller"=>"colgate"}

ActiveRecord::RecordNotFound (Couldn't find Floss with ID=9):
  app/controllers/survey_controller.rb:132:in `questions'
  app/controllers/survey_controller.rb:128:in `each'
  app/controllers/survey_controller.rb:128:in `questions'
  /dh/passenger/lib/phusion_passenger/rack/request_handler.rb:92:in `process_request'
  /dh/passenger/lib/phusion_passenger/abstract_request_handler.rb:207:in `main_loop'
  /dh/passenger/lib/phusion_passenger/railz/application_spawner.rb:400:in `start_request_handler'
  /dh/passenger/lib/phusion_passenger/railz/application_spawner.rb:351:in `handle_spawn_application'
  /dh/passenger/lib/phusion_passenger/utils.rb:184:in `safe_fork'
  /dh/passenger/lib/phusion_passenger/railz/application_spawner.rb:349:in `handle_spawn_application'
  /dh/passenger/lib/phusion_passenger/abstract_server.rb:352:in `__send__'
  /dh/passenger/lib/phusion_passenger/abstract_server.rb:352:in `main_loop'
  /dh/passenger/lib/phusion_passenger/abstract_server.rb:196:in `start_synchronously'
  /dh/passenger/lib/phusion_passenger/abstract_server.rb:163:in `start'
  /dh/passenger/lib/phusion_passenger/railz/application_spawner.rb:209:in `start'
  /dh/passenger/lib/phusion_passenger/spawn_manager.rb:262:in `spawn_rails_application'
  /dh/passenger/lib/phusion_passenger/abstract_server_collection.rb:126:in `lookup_or_add'
  /dh/passenger/lib/phusion_passenger/spawn_manager.rb:256:in `spawn_rails_application'
  /dh/passenger/lib/phusion_passenger/abstract_server_collection.rb:80:in `synchronize'
  /dh/passenger/lib/phusion_passenger/abstract_server_collection.rb:79:in `synchronize'
  /dh/passenger/lib/phusion_passenger/spawn_manager.rb:255:in `spawn_rails_application'
  /dh/passenger/lib/phusion_passenger/spawn_manager.rb:154:in `spawn_application'
  /dh/passenger/lib/phusion_passenger/spawn_manager.rb:287:in `handle_spawn_application'
  /dh/passenger/lib/phusion_passenger/abstract_server.rb:352:in `__send__'
  /dh/passenger/lib/phusion_passenger/abstract_server.rb:352:in `main_loop'
  /dh/passenger/lib/phusion_passenger/abstract_server.rb:196:in `start_synchronously'

Rendering /home/ford_survey/healthymouth.generalquestions.info/public/404.html (404 Not Found)


Processing ColgateController#questions (for 187.35.138.124 at 2010-05-25 15:54:53) [GET]
  Parameters: {"action"=>"questions", "id"=>1, "controller"=>"colgate"}
Rendering template within layouts/colgate
Rendering colgate/question_1
Completed in 19ms (View: 12, DB: 2827) | 200 OK [http://healthymouth.generalquestions.info/]


Processing ColgateController#questions (for 187.35.138.124 at 2010-05-25 15:54:55) [POST]
  Parameters: {"colgate"=>{"age_group_id"=>"18"}, "x"=>"102", "y"=>"17", "action"=>"questions", "id"=>"2", "controller"=>"colgate"}
Rendering template within layouts/colgate
Rendering colgate/question_2
Completed in 22ms (View: 8, DB: 215) | 200 OK [http://healthymouth.generalquestions.info/colgate/questions/2]


Processing ColgateController#questions (for 187.35.138.124 at 2010-05-25 15:54:57) [POST]
  Parameters: {"colgate"=>{"gender"=>"M"}, "x"=>"104", "y"=>"8", "action"=>"questions", "id"=>"3", "controller"=>"colgate"}
Rendering template within layouts/colgate
Rendering colgate/question_3
Completed in 104ms (View: 97, DB: 57) | 200 OK [http://healthymouth.generalquestions.info/colgate/questions/3]


Processing ColgateController#questions (for 187.35.138.124 at 2010-05-25 15:54:59) [POST]
  Parameters: {"colgate"=>{"state_id"=>"250"}, "x"=>"58", "y"=>"6", "action"=>"questions", "id"=>"4", "controller"=>"colgate"}
Rendering template within layouts/colgate
Rendering colgate/question_4
Completed in 24ms (View: 16, DB: 99) | 200 OK [http://healthymouth.generalquestions.info/colgate/questions/4]


Processing ColgateController#questions (for 187.35.138.124 at 2010-05-25 15:55:01) [POST]
  Parameters: {"colgate"=>{"income_group_id"=>"23"}, "x"=>"68", "y"=>"23", "action"=>"questions", "id"=>"5", "controller"=>"colgate"}
Rendering template within layouts/colgate
Rendering colgate/question_5
Completed in 21ms (View: 7, DB: 288) | 200 OK [http://healthymouth.generalquestions.info/colgate/questions/5]


Processing ColgateController#questions (for 187.35.138.124 at 2010-05-25 15:55:06) [POST]
  Parameters: {"colgate"=>{"colgate_word_ids"=>["30", "29", "25"]}, "x"=>"98", "y"=>"0", "action"=>"questions", "id"=>"6", "controller"=>"colgate"}
Rendering template within layouts/colgate
Rendering colgate/question_6
Completed in 18ms (View: 9, DB: 35) | 200 OK [http://healthymouth.generalquestions.info/colgate/questions/6]


Processing ColgateController#questions (for 187.35.138.124 at 2010-05-25 15:55:09) [POST]
  Parameters: {"colgate"=>{"floss_id"=>"10"}, "x"=>"60", "y"=>"14", "action"=>"questions", "id"=>"7", "controller"=>"colgate"}
Rendering template within layouts/colgate
Rendering colgate/question_7
Completed in 25ms (View: 7, DB: 191) | 200 OK [http://healthymouth.generalquestions.info/colgate/questions/7]


Processing ColgateController#questions (for 187.35.138.124 at 2010-05-25 15:55:15) [POST]
  Parameters: {"colgate"=>{"healthy_mouth"=>"kaue"}, "x"=>"71", "y"=>"12", "action"=>"questions", "id"=>"8", "controller"=>"colgate"}
Rendering template within layouts/colgate
Rendering colgate/question_8
Completed in 136ms (View: 12, DB: 591) | 200 OK [http://healthymouth.generalquestions.info/colgate/questions/8]


Processing ColgateController#questions (for 187.35.138.124 at 2010-05-25 15:55:21) [POST]
  Parameters: {"colgate"=>{"toothpaste_word_ids"=>["33", "36", "39"]}, "x"=>"115", "y"=>"15", "action"=>"questions", "id"=>"9", "controller"=>"colgate"}
Rendering template within layouts/colgate
Rendering colgate/question_9
Completed in 17ms (View: 7, DB: 179) | 200 OK [http://healthymouth.generalquestions.info/colgate/questions/9]


Processing ColgateController#questions (for 187.35.138.124 at 2010-05-25 15:55:23) [POST]
  Parameters: {"colgate"=>{"toothpaste_word_why"=>"assasa"}, "x"=>"102", "y"=>"22", "action"=>"questions", "id"=>"10", "controller"=>"colgate"}
Rendering template within layouts/colgate
Rendering colgate/question_10
Completed in 30ms (View: 12, DB: 130) | 200 OK [http://healthymouth.generalquestions.info/colgate/questions/10]


Processing ColgateController#questions (for 187.35.138.124 at 2010-05-25 15:55:28) [POST]
  Parameters: {"colgate"=>{"sampling_ids"=>["30", "29", "34"]}, "x"=>"92", "y"=>"3", "action"=>"questions", "id"=>"11", "controller"=>"colgate"}
Rendering template within layouts/colgate
Rendering colgate/question_10
Completed in 27ms (View: 11, DB: 45) | 200 OK [http://healthymouth.generalquestions.info/colgate/questions/11]
